DEBUG - 2025-10-30 07:36:47 --> Session: Class initialized using 'CodeIgniter\Session\Handlers\FileHandler' driver.
DEBUG - 2025-10-30 07:36:48 --> Session: Class initialized using 'CodeIgniter\Session\Handlers\FileHandler' driver.
DEBUG - 2025-10-30 07:41:23 --> Session: Class initialized using 'CodeIgniter\Session\Handlers\FileHandler' driver.
DEBUG - 2025-10-30 07:41:23 --> Session: Class initialized using 'CodeIgniter\Session\Handlers\FileHandler' driver.
DEBUG - 2025-10-30 07:41:52 --> Session: Class initialized using 'CodeIgniter\Session\Handlers\FileHandler' driver.
DEBUG - 2025-10-30 07:41:55 --> Session: Class initialized using 'CodeIgniter\Session\Handlers\FileHandler' driver.
DEBUG - 2025-10-30 07:41:57 --> Session: Class initialized using 'CodeIgniter\Session\Handlers\FileHandler' driver.
DEBUG - 2025-10-30 07:41:58 --> Session: Class initialized using 'CodeIgniter\Session\Handlers\FileHandler' driver.
DEBUG - 2025-10-30 07:42:06 --> Session: Class initialized using 'CodeIgniter\Session\Handlers\FileHandler' driver.
DEBUG - 2025-10-30 07:42:08 --> Session: Class initialized using 'CodeIgniter\Session\Handlers\FileHandler' driver.
DEBUG - 2025-10-30 07:42:09 --> Session: Class initialized using 'CodeIgniter\Session\Handlers\FileHandler' driver.
DEBUG - 2025-10-30 08:25:12 --> Session: Class initialized using 'CodeIgniter\Session\Handlers\FileHandler' driver.
DEBUG - 2025-10-30 08:25:13 --> Session: Class initialized using 'CodeIgniter\Session\Handlers\FileHandler' driver.
DEBUG - 2025-10-30 08:25:20 --> Session: Class initialized using 'CodeIgniter\Session\Handlers\FileHandler' driver.
DEBUG - 2025-10-30 08:25:26 --> Session: Class initialized using 'CodeIgniter\Session\Handlers\FileHandler' driver.
DEBUG - 2025-10-30 08:25:29 --> Session: Class initialized using 'CodeIgniter\Session\Handlers\FileHandler' driver.
DEBUG - 2025-10-30 08:25:31 --> Session: Class initialized using 'CodeIgniter\Session\Handlers\FileHandler' driver.
DEBUG - 2025-10-30 08:25:32 --> Session: Class initialized using 'CodeIgniter\Session\Handlers\FileHandler' driver.
DEBUG - 2025-10-30 08:25:34 --> Session: Class initialized using 'CodeIgniter\Session\Handlers\FileHandler' driver.
DEBUG - 2025-10-30 08:25:40 --> Session: Class initialized using 'CodeIgniter\Session\Handlers\FileHandler' driver.
DEBUG - 2025-10-30 08:25:41 --> Session: Class initialized using 'CodeIgniter\Session\Handlers\FileHandler' driver.
DEBUG - 2025-10-30 08:25:44 --> Session: Class initialized using 'CodeIgniter\Session\Handlers\FileHandler' driver.
DEBUG - 2025-10-30 08:25:44 --> Session: Class initialized using 'CodeIgniter\Session\Handlers\FileHandler' driver.
DEBUG - 2025-10-30 08:25:47 --> Session: Class initialized using 'CodeIgniter\Session\Handlers\FileHandler' driver.
DEBUG - 2025-10-30 08:25:47 --> Session: Class initialized using 'CodeIgniter\Session\Handlers\FileHandler' driver.
DEBUG - 2025-10-30 08:25:51 --> Session: Class initialized using 'CodeIgniter\Session\Handlers\FileHandler' driver.
CRITICAL - 2025-10-30 08:25:51 --> Error: Call to undefined function set_value()
[Method: GET, Route: owner/employees/19/edit]
in APPPATH\Views\owner\employees\form.php on line 36.
 1 SYSTEMPATH\View\View.php(226): include()
 2 SYSTEMPATH\View\View.php(229): CodeIgniter\View\View->CodeIgniter\View\{closure}()
 3 SYSTEMPATH\Common.php(1167): CodeIgniter\View\View->render('owner/employees/form', [], true)
 4 APPPATH\Controllers\owner.php(265): view('owner/employees/form', [...])
 5 SYSTEMPATH\CodeIgniter.php(933): App\Controllers\Owner->employeeEdit('19')
 6 SYSTEMPATH\CodeIgniter.php(507): CodeIgniter\CodeIgniter->runController(Object(App\Controllers\Owner))
 7 SYSTEMPATH\CodeIgniter.php(354): CodeIgniter\CodeIgniter->handleRequest(null, Object(Config\Cache), false)
 8 SYSTEMPATH\Boot.php(363): CodeIgniter\CodeIgniter->run()
 9 SYSTEMPATH\Boot.php(68): CodeIgniter\Boot::runCodeIgniter(Object(CodeIgniter\CodeIgniter))
10 FCPATH\index.php(59): CodeIgniter\Boot::bootWeb(Object(Config\Paths))
11 SYSTEMPATH\rewrite.php(44): require_once('C:\\xampp\\htdocs\\testing\\public\\index.php')
DEBUG - 2025-10-30 08:26:15 --> Session: Class initialized using 'CodeIgniter\Session\Handlers\FileHandler' driver.
DEBUG - 2025-10-30 08:26:16 --> Session: Class initialized using 'CodeIgniter\Session\Handlers\FileHandler' driver.
DEBUG - 2025-10-30 08:26:19 --> Session: Class initialized using 'CodeIgniter\Session\Handlers\FileHandler' driver.
DEBUG - 2025-10-30 08:26:19 --> Session: Class initialized using 'CodeIgniter\Session\Handlers\FileHandler' driver.
DEBUG - 2025-10-30 08:26:22 --> Session: Class initialized using 'CodeIgniter\Session\Handlers\FileHandler' driver.
DEBUG - 2025-10-30 08:26:22 --> Session: Class initialized using 'CodeIgniter\Session\Handlers\FileHandler' driver.
DEBUG - 2025-10-30 08:26:24 --> Session: Class initialized using 'CodeIgniter\Session\Handlers\FileHandler' driver.
DEBUG - 2025-10-30 08:26:24 --> Session: Class initialized using 'CodeIgniter\Session\Handlers\FileHandler' driver.
DEBUG - 2025-10-30 08:26:25 --> Session: Class initialized using 'CodeIgniter\Session\Handlers\FileHandler' driver.
DEBUG - 2025-10-30 08:26:25 --> Session: Class initialized using 'CodeIgniter\Session\Handlers\FileHandler' driver.
DEBUG - 2025-10-30 08:26:27 --> Session: Class initialized using 'CodeIgniter\Session\Handlers\FileHandler' driver.
CRITICAL - 2025-10-30 08:26:27 --> Error: Call to undefined function set_value()
[Method: GET, Route: owner/employees/19/edit]
in APPPATH\Views\owner\employees\form.php on line 36.
 1 SYSTEMPATH\View\View.php(226): include()
 2 SYSTEMPATH\View\View.php(229): CodeIgniter\View\View->CodeIgniter\View\{closure}()
 3 SYSTEMPATH\Common.php(1167): CodeIgniter\View\View->render('owner/employees/form', [], true)
 4 APPPATH\Controllers\owner.php(265): view('owner/employees/form', [...])
 5 SYSTEMPATH\CodeIgniter.php(933): App\Controllers\Owner->employeeEdit('19')
 6 SYSTEMPATH\CodeIgniter.php(507): CodeIgniter\CodeIgniter->runController(Object(App\Controllers\Owner))
 7 SYSTEMPATH\CodeIgniter.php(354): CodeIgniter\CodeIgniter->handleRequest(null, Object(Config\Cache), false)
 8 SYSTEMPATH\Boot.php(363): CodeIgniter\CodeIgniter->run()
 9 SYSTEMPATH\Boot.php(68): CodeIgniter\Boot::runCodeIgniter(Object(CodeIgniter\CodeIgniter))
10 FCPATH\index.php(59): CodeIgniter\Boot::bootWeb(Object(Config\Paths))
11 SYSTEMPATH\rewrite.php(44): require_once('C:\\xampp\\htdocs\\testing\\public\\index.php')
DEBUG - 2025-10-30 08:28:50 --> Session: Class initialized using 'CodeIgniter\Session\Handlers\FileHandler' driver.
DEBUG - 2025-10-30 08:28:52 --> Session: Class initialized using 'CodeIgniter\Session\Handlers\FileHandler' driver.
DEBUG - 2025-10-30 08:28:59 --> Session: Class initialized using 'CodeIgniter\Session\Handlers\FileHandler' driver.
DEBUG - 2025-10-30 08:29:00 --> Session: Class initialized using 'CodeIgniter\Session\Handlers\FileHandler' driver.
DEBUG - 2025-10-30 08:29:46 --> Session: Class initialized using 'CodeIgniter\Session\Handlers\FileHandler' driver.
DEBUG - 2025-10-30 08:29:49 --> Session: Class initialized using 'CodeIgniter\Session\Handlers\FileHandler' driver.
DEBUG - 2025-10-30 08:30:00 --> Session: Class initialized using 'CodeIgniter\Session\Handlers\FileHandler' driver.
DEBUG - 2025-10-30 08:30:02 --> Session: Class initialized using 'CodeIgniter\Session\Handlers\FileHandler' driver.
DEBUG - 2025-10-30 08:30:02 --> Session: Class initialized using 'CodeIgniter\Session\Handlers\FileHandler' driver.
DEBUG - 2025-10-30 08:30:05 --> Session: Class initialized using 'CodeIgniter\Session\Handlers\FileHandler' driver.
DEBUG - 2025-10-30 08:30:05 --> Session: Class initialized using 'CodeIgniter\Session\Handlers\FileHandler' driver.
DEBUG - 2025-10-30 08:30:07 --> Session: Class initialized using 'CodeIgniter\Session\Handlers\FileHandler' driver.
DEBUG - 2025-10-30 08:30:07 --> Session: Class initialized using 'CodeIgniter\Session\Handlers\FileHandler' driver.
DEBUG - 2025-10-30 08:30:09 --> Session: Class initialized using 'CodeIgniter\Session\Handlers\FileHandler' driver.
DEBUG - 2025-10-30 08:30:09 --> Session: Class initialized using 'CodeIgniter\Session\Handlers\FileHandler' driver.
DEBUG - 2025-10-30 08:30:15 --> Session: Class initialized using 'CodeIgniter\Session\Handlers\FileHandler' driver.
DEBUG - 2025-10-30 08:30:39 --> Session: Class initialized using 'CodeIgniter\Session\Handlers\FileHandler' driver.
DEBUG - 2025-10-30 08:30:58 --> Session: Class initialized using 'CodeIgniter\Session\Handlers\FileHandler' driver.
DEBUG - 2025-10-30 08:31:04 --> Session: Class initialized using 'CodeIgniter\Session\Handlers\FileHandler' driver.
DEBUG - 2025-10-30 08:31:04 --> Session: Class initialized using 'CodeIgniter\Session\Handlers\FileHandler' driver.
DEBUG - 2025-10-30 08:31:06 --> Session: Class initialized using 'CodeIgniter\Session\Handlers\FileHandler' driver.
DEBUG - 2025-10-30 08:31:09 --> Session: Class initialized using 'CodeIgniter\Session\Handlers\FileHandler' driver.
DEBUG - 2025-10-30 08:31:09 --> Session: Class initialized using 'CodeIgniter\Session\Handlers\FileHandler' driver.
DEBUG - 2025-10-30 10:57:08 --> Session: Class initialized using 'CodeIgniter\Session\Handlers\FileHandler' driver.
DEBUG - 2025-10-30 10:57:08 --> Session: Class initialized using 'CodeIgniter\Session\Handlers\FileHandler' driver.
DEBUG - 2025-10-30 10:57:18 --> Session: Class initialized using 'CodeIgniter\Session\Handlers\FileHandler' driver.
DEBUG - 2025-10-30 10:57:18 --> Session: Class initialized using 'CodeIgniter\Session\Handlers\FileHandler' driver.
DEBUG - 2025-10-30 10:57:32 --> Session: Class initialized using 'CodeIgniter\Session\Handlers\FileHandler' driver.
DEBUG - 2025-10-30 10:57:36 --> Session: Class initialized using 'CodeIgniter\Session\Handlers\FileHandler' driver.
DEBUG - 2025-10-30 10:57:37 --> Session: Class initialized using 'CodeIgniter\Session\Handlers\FileHandler' driver.
DEBUG - 2025-10-30 10:57:41 --> Session: Class initialized using 'CodeIgniter\Session\Handlers\FileHandler' driver.
DEBUG - 2025-10-30 10:57:54 --> Session: Class initialized using 'CodeIgniter\Session\Handlers\FileHandler' driver.
DEBUG - 2025-10-30 10:58:11 --> Session: Class initialized using 'CodeIgniter\Session\Handlers\FileHandler' driver.
DEBUG - 2025-10-30 10:58:12 --> Session: Class initialized using 'CodeIgniter\Session\Handlers\FileHandler' driver.
DEBUG - 2025-10-30 10:58:24 --> Session: Class initialized using 'CodeIgniter\Session\Handlers\FileHandler' driver.
DEBUG - 2025-10-30 10:58:30 --> Session: Class initialized using 'CodeIgniter\Session\Handlers\FileHandler' driver.
DEBUG - 2025-10-30 10:58:31 --> Session: Class initialized using 'CodeIgniter\Session\Handlers\FileHandler' driver.
DEBUG - 2025-10-30 10:58:44 --> Session: Class initialized using 'CodeIgniter\Session\Handlers\FileHandler' driver.
DEBUG - 2025-10-30 11:00:48 --> Session: Class initialized using 'CodeIgniter\Session\Handlers\FileHandler' driver.
DEBUG - 2025-10-30 11:00:51 --> Session: Class initialized using 'CodeIgniter\Session\Handlers\FileHandler' driver.
DEBUG - 2025-10-30 11:00:55 --> Session: Class initialized using 'CodeIgniter\Session\Handlers\FileHandler' driver.
DEBUG - 2025-10-30 11:00:58 --> Session: Class initialized using 'CodeIgniter\Session\Handlers\FileHandler' driver.
DEBUG - 2025-10-30 11:00:59 --> Session: Class initialized using 'CodeIgniter\Session\Handlers\FileHandler' driver.
DEBUG - 2025-10-30 11:02:03 --> Session: Class initialized using 'CodeIgniter\Session\Handlers\FileHandler' driver.
DEBUG - 2025-10-30 11:03:02 --> Session: Class initialized using 'CodeIgniter\Session\Handlers\FileHandler' driver.
DEBUG - 2025-10-30 11:04:14 --> Session: Class initialized using 'CodeIgniter\Session\Handlers\FileHandler' driver.
DEBUG - 2025-10-30 11:04:15 --> Session: Class initialized using 'CodeIgniter\Session\Handlers\FileHandler' driver.
DEBUG - 2025-10-30 11:07:15 --> Session: Class initialized using 'CodeIgniter\Session\Handlers\FileHandler' driver.
DEBUG - 2025-10-30 11:07:27 --> Session: Class initialized using 'CodeIgniter\Session\Handlers\FileHandler' driver.
DEBUG - 2025-10-30 11:08:23 --> Session: Class initialized using 'CodeIgniter\Session\Handlers\FileHandler' driver.
DEBUG - 2025-10-30 11:08:27 --> Session: Class initialized using 'CodeIgniter\Session\Handlers\FileHandler' driver.
DEBUG - 2025-10-30 11:08:28 --> Session: Class initialized using 'CodeIgniter\Session\Handlers\FileHandler' driver.
DEBUG - 2025-10-30 11:09:01 --> Session: Class initialized using 'CodeIgniter\Session\Handlers\FileHandler' driver.
DEBUG - 2025-10-30 11:09:03 --> Session: Class initialized using 'CodeIgniter\Session\Handlers\FileHandler' driver.
DEBUG - 2025-10-30 11:09:08 --> Session: Class initialized using 'CodeIgniter\Session\Handlers\FileHandler' driver.
DEBUG - 2025-10-30 11:09:11 --> Session: Class initialized using 'CodeIgniter\Session\Handlers\FileHandler' driver.
DEBUG - 2025-10-30 11:09:43 --> Session: Class initialized using 'CodeIgniter\Session\Handlers\FileHandler' driver.
DEBUG - 2025-10-30 11:09:56 --> Session: Class initialized using 'CodeIgniter\Session\Handlers\FileHandler' driver.
DEBUG - 2025-10-30 11:09:56 --> Session: Class initialized using 'CodeIgniter\Session\Handlers\FileHandler' driver.
DEBUG - 2025-10-30 11:10:07 --> Session: Class initialized using 'CodeIgniter\Session\Handlers\FileHandler' driver.
DEBUG - 2025-10-30 11:10:07 --> Session: Class initialized using 'CodeIgniter\Session\Handlers\FileHandler' driver.
CRITICAL - 2025-10-30 11:10:07 --> ErrorException: Undefined variable $me
[Method: GET, Route: employee]
in APPPATH\Views\dashboard\employee.php on line 15.
 1 APPPATH\Views\dashboard\employee.php(15): CodeIgniter\Debug\Exceptions->errorHandler(2, 'Undefined variable $me', 'C:\\xampp\\htdocs\\testing\\app\\Views\\dashboard\\employee.php', 15)
 2 SYSTEMPATH\View\View.php(226): include('C:\\xampp\\htdocs\\testing\\app\\Views\\dashboard\\employee.php')
 3 SYSTEMPATH\View\View.php(229): CodeIgniter\View\View->CodeIgniter\View\{closure}()
 4 SYSTEMPATH\Common.php(1167): CodeIgniter\View\View->render('dashboard/employee', [], true)
 5 APPPATH\Controllers\Dashboard.php(16): view('dashboard/employee', [...])
 6 SYSTEMPATH\CodeIgniter.php(933): App\Controllers\Dashboard->employee()
 7 SYSTEMPATH\CodeIgniter.php(507): CodeIgniter\CodeIgniter->runController(Object(App\Controllers\Dashboard))
 8 SYSTEMPATH\CodeIgniter.php(354): CodeIgniter\CodeIgniter->handleRequest(null, Object(Config\Cache), false)
 9 SYSTEMPATH\Boot.php(363): CodeIgniter\CodeIgniter->run()
10 SYSTEMPATH\Boot.php(68): CodeIgniter\Boot::runCodeIgniter(Object(CodeIgniter\CodeIgniter))
11 FCPATH\index.php(59): CodeIgniter\Boot::bootWeb(Object(Config\Paths))
12 SYSTEMPATH\rewrite.php(44): require_once('C:\\xampp\\htdocs\\testing\\public\\index.php')
DEBUG - 2025-10-30 11:10:37 --> Session: Class initialized using 'CodeIgniter\Session\Handlers\FileHandler' driver.
DEBUG - 2025-10-30 11:10:47 --> Session: Class initialized using 'CodeIgniter\Session\Handlers\FileHandler' driver.
DEBUG - 2025-10-30 11:10:47 --> Session: Class initialized using 'CodeIgniter\Session\Handlers\FileHandler' driver.
CRITICAL - 2025-10-30 11:10:47 --> ErrorException: Undefined variable $me
[Method: GET, Route: employee]
in APPPATH\Views\dashboard\employee.php on line 15.
 1 APPPATH\Views\dashboard\employee.php(15): CodeIgniter\Debug\Exceptions->errorHandler(2, 'Undefined variable $me', 'C:\\xampp\\htdocs\\testing\\app\\Views\\dashboard\\employee.php', 15)
 2 SYSTEMPATH\View\View.php(226): include('C:\\xampp\\htdocs\\testing\\app\\Views\\dashboard\\employee.php')
 3 SYSTEMPATH\View\View.php(229): CodeIgniter\View\View->CodeIgniter\View\{closure}()
 4 SYSTEMPATH\Common.php(1167): CodeIgniter\View\View->render('dashboard/employee', [], true)
 5 APPPATH\Controllers\Dashboard.php(16): view('dashboard/employee', [...])
 6 SYSTEMPATH\CodeIgniter.php(933): App\Controllers\Dashboard->employee()
 7 SYSTEMPATH\CodeIgniter.php(507): CodeIgniter\CodeIgniter->runController(Object(App\Controllers\Dashboard))
 8 SYSTEMPATH\CodeIgniter.php(354): CodeIgniter\CodeIgniter->handleRequest(null, Object(Config\Cache), false)
 9 SYSTEMPATH\Boot.php(363): CodeIgniter\CodeIgniter->run()
10 SYSTEMPATH\Boot.php(68): CodeIgniter\Boot::runCodeIgniter(Object(CodeIgniter\CodeIgniter))
11 FCPATH\index.php(59): CodeIgniter\Boot::bootWeb(Object(Config\Paths))
12 SYSTEMPATH\rewrite.php(44): require_once('C:\\xampp\\htdocs\\testing\\public\\index.php')
DEBUG - 2025-10-30 11:11:28 --> Session: Class initialized using 'CodeIgniter\Session\Handlers\FileHandler' driver.
DEBUG - 2025-10-30 11:11:33 --> Session: Class initialized using 'CodeIgniter\Session\Handlers\FileHandler' driver.
DEBUG - 2025-10-30 11:11:33 --> Session: Class initialized using 'CodeIgniter\Session\Handlers\FileHandler' driver.
CRITICAL - 2025-10-30 11:11:33 --> ErrorException: Undefined variable $me
[Method: GET, Route: employee]
in APPPATH\Views\dashboard\employee.php on line 17.
 1 APPPATH\Views\dashboard\employee.php(17): CodeIgniter\Debug\Exceptions->errorHandler(2, 'Undefined variable $me', 'C:\\xampp\\htdocs\\testing\\app\\Views\\dashboard\\employee.php', 17)
 2 SYSTEMPATH\View\View.php(226): include('C:\\xampp\\htdocs\\testing\\app\\Views\\dashboard\\employee.php')
 3 SYSTEMPATH\View\View.php(229): CodeIgniter\View\View->CodeIgniter\View\{closure}()
 4 SYSTEMPATH\Common.php(1167): CodeIgniter\View\View->render('dashboard/employee', [], true)
 5 APPPATH\Controllers\Dashboard.php(16): view('dashboard/employee', [...])
 6 SYSTEMPATH\CodeIgniter.php(933): App\Controllers\Dashboard->employee()
 7 SYSTEMPATH\CodeIgniter.php(507): CodeIgniter\CodeIgniter->runController(Object(App\Controllers\Dashboard))
 8 SYSTEMPATH\CodeIgniter.php(354): CodeIgniter\CodeIgniter->handleRequest(null, Object(Config\Cache), false)
 9 SYSTEMPATH\Boot.php(363): CodeIgniter\CodeIgniter->run()
10 SYSTEMPATH\Boot.php(68): CodeIgniter\Boot::runCodeIgniter(Object(CodeIgniter\CodeIgniter))
11 FCPATH\index.php(59): CodeIgniter\Boot::bootWeb(Object(Config\Paths))
12 SYSTEMPATH\rewrite.php(44): require_once('C:\\xampp\\htdocs\\testing\\public\\index.php')
DEBUG - 2025-10-30 11:41:14 --> Session: Class initialized using 'CodeIgniter\Session\Handlers\FileHandler' driver.
DEBUG - 2025-10-30 11:41:24 --> Session: Class initialized using 'CodeIgniter\Session\Handlers\FileHandler' driver.
DEBUG - 2025-10-30 11:41:24 --> Session: Class initialized using 'CodeIgniter\Session\Handlers\FileHandler' driver.
DEBUG - 2025-10-30 11:41:36 --> Session: Class initialized using 'CodeIgniter\Session\Handlers\FileHandler' driver.
DEBUG - 2025-10-30 11:41:36 --> Session: Class initialized using 'CodeIgniter\Session\Handlers\FileHandler' driver.
DEBUG - 2025-10-30 12:02:41 --> Session: Class initialized using 'CodeIgniter\Session\Handlers\FileHandler' driver.
DEBUG - 2025-10-30 12:02:43 --> Session: Class initialized using 'CodeIgniter\Session\Handlers\FileHandler' driver.
CRITICAL - 2025-10-30 12:02:43 --> CodeIgniter\View\Exceptions\ViewException: Invalid file: "owner/exits/index.php"
[Method: GET, Route: owner/resign]
in SYSTEMPATH\Exceptions\FrameworkException.php on line 39.
 1 SYSTEMPATH\View\View.php(214): CodeIgniter\Exceptions\FrameworkException::forInvalidFile('owner/exits/index.php')
 2 SYSTEMPATH\Common.php(1167): CodeIgniter\View\View->render('owner/exits/index', [], true)
 3 APPPATH\Controllers\owner.php(1153): view('owner/exits/index', [...])
 4 APPPATH\Controllers\owner.php(1237): App\Controllers\Owner->_exitsIndexUsing('pengunduran_diri', 'resign')
 5 SYSTEMPATH\CodeIgniter.php(933): App\Controllers\Owner->resignIndex()
 6 SYSTEMPATH\CodeIgniter.php(507): CodeIgniter\CodeIgniter->runController(Object(App\Controllers\Owner))
 7 SYSTEMPATH\CodeIgniter.php(354): CodeIgniter\CodeIgniter->handleRequest(null, Object(Config\Cache), false)
 8 SYSTEMPATH\Boot.php(363): CodeIgniter\CodeIgniter->run()
 9 SYSTEMPATH\Boot.php(68): CodeIgniter\Boot::runCodeIgniter(Object(CodeIgniter\CodeIgniter))
10 FCPATH\index.php(59): CodeIgniter\Boot::bootWeb(Object(Config\Paths))
11 SYSTEMPATH\rewrite.php(44): require_once('C:\\xampp\\htdocs\\testing\\public\\index.php')
DEBUG - 2025-10-30 12:10:22 --> Session: Class initialized using 'CodeIgniter\Session\Handlers\FileHandler' driver.
DEBUG - 2025-10-30 12:10:24 --> Session: Class initialized using 'CodeIgniter\Session\Handlers\FileHandler' driver.
CRITICAL - 2025-10-30 12:10:24 --> ErrorException: Undefined variable $r
[Method: GET, Route: owner/resign]
in APPPATH\Views\owner\exits\index.php on line 1.
 1 APPPATH\Views\owner\exits\index.php(1): CodeIgniter\Debug\Exceptions->errorHandler(2, 'Undefined variable $r', 'C:\\xampp\\htdocs\\testing\\app\\Views\\owner\\exits\\index.php', 1)
 2 SYSTEMPATH\View\View.php(226): include('C:\\xampp\\htdocs\\testing\\app\\Views\\owner\\exits\\index.php')
 3 SYSTEMPATH\View\View.php(229): CodeIgniter\View\View->CodeIgniter\View\{closure}()
 4 SYSTEMPATH\Common.php(1167): CodeIgniter\View\View->render('owner/exits/index', [], true)
 5 APPPATH\Controllers\owner.php(1157): view('owner/exits/index', [...])
 6 APPPATH\Controllers\owner.php(1238): App\Controllers\Owner->_exitsIndexUsing('pengunduran_diri', 'resign')
 7 SYSTEMPATH\CodeIgniter.php(933): App\Controllers\Owner->resignIndex()
 8 SYSTEMPATH\CodeIgniter.php(507): CodeIgniter\CodeIgniter->runController(Object(App\Controllers\Owner))
 9 SYSTEMPATH\CodeIgniter.php(354): CodeIgniter\CodeIgniter->handleRequest(null, Object(Config\Cache), false)
10 SYSTEMPATH\Boot.php(363): CodeIgniter\CodeIgniter->run()
11 SYSTEMPATH\Boot.php(68): CodeIgniter\Boot::runCodeIgniter(Object(CodeIgniter\CodeIgniter))
12 FCPATH\index.php(59): CodeIgniter\Boot::bootWeb(Object(Config\Paths))
13 SYSTEMPATH\rewrite.php(44): require_once('C:\\xampp\\htdocs\\testing\\public\\index.php')
DEBUG - 2025-10-30 12:10:31 --> Session: Class initialized using 'CodeIgniter\Session\Handlers\FileHandler' driver.
DEBUG - 2025-10-30 12:10:32 --> Session: Class initialized using 'CodeIgniter\Session\Handlers\FileHandler' driver.
ERROR - 2025-10-30 12:10:32 --> mysqli_sql_exception: Unknown column 'pd.tanggal_pengajuan' in 'field list' in C:\xampp\htdocs\testing\system\Database\MySQLi\Connection.php:327
Stack trace:
#0 C:\xampp\htdocs\testing\system\Database\MySQLi\Connection.php(327): mysqli->query('\r\n        SELEC...', 0)
#1 C:\xampp\htdocs\testing\system\Database\BaseConnection.php(729): CodeIgniter\Database\MySQLi\Connection->execute('\r\n        SELEC...')
#2 C:\xampp\htdocs\testing\system\Database\BaseConnection.php(646): CodeIgniter\Database\BaseConnection->simpleQuery('\r\n        SELEC...')
#3 C:\xampp\htdocs\testing\app\Controllers\owner.php(1146): CodeIgniter\Database\BaseConnection->query('\r\n        SELEC...')
#4 C:\xampp\htdocs\testing\app\Controllers\owner.php(1256): App\Controllers\Owner->_exitsIndexUsing('pensiun', 'pensiun')
#5 C:\xampp\htdocs\testing\system\CodeIgniter.php(933): App\Controllers\Owner->pensiunIndex()
#6 C:\xampp\htdocs\testing\system\CodeIgniter.php(507): CodeIgniter\CodeIgniter->runController(Object(App\Controllers\Owner))
#7 C:\xampp\htdocs\testing\system\CodeIgniter.php(354): CodeIgniter\CodeIgniter->handleRequest(NULL, Object(Config\Cache), false)
#8 C:\xampp\htdocs\testing\system\Boot.php(363): CodeIgniter\CodeIgniter->run()
#9 C:\xampp\htdocs\testing\system\Boot.php(68): CodeIgniter\Boot::runCodeIgniter(Object(CodeIgniter\CodeIgniter))
#10 C:\xampp\htdocs\testing\public\index.php(59): CodeIgniter\Boot::bootWeb(Object(Config\Paths))
#11 C:\xampp\htdocs\testing\system\rewrite.php(44): require_once('C:\\xampp\\htdocs...')
#12 {main}
CRITICAL - 2025-10-30 12:10:32 --> CodeIgniter\Database\Exceptions\DatabaseException: Unknown column 'pd.tanggal_pengajuan' in 'field list'
[Method: GET, Route: owner/pensiun]
in SYSTEMPATH\Database\BaseConnection.php on line 684.
 1 APPPATH\Controllers\owner.php(1146): CodeIgniter\Database\BaseConnection->query('
        SELECT pd.id, pd.status, 
               COALESCE(pd.tanggal_pengajuan, DATE(pd.created_at)) AS tgl_pengajuan,
               pd.tanggal_efektif,
               u.name AS nama, u.email, k.jabatan
        FROM pensiun pd
        JOIN karyawan k ON k.id = pd.karyawan_id
        JOIN users u    ON u.id = k.user_id
        ORDER BY pd.status=\'menunggu\' DESC, tgl_pengajuan DESC, pd.id DESC
    ')
 2 APPPATH\Controllers\owner.php(1256): App\Controllers\Owner->_exitsIndexUsing('pensiun', 'pensiun')
 3 SYSTEMPATH\CodeIgniter.php(933): App\Controllers\Owner->pensiunIndex()
 4 SYSTEMPATH\CodeIgniter.php(507): CodeIgniter\CodeIgniter->runController(Object(App\Controllers\Owner))
 5 SYSTEMPATH\CodeIgniter.php(354): CodeIgniter\CodeIgniter->handleRequest(null, Object(Config\Cache), false)
 6 SYSTEMPATH\Boot.php(363): CodeIgniter\CodeIgniter->run()
 7 SYSTEMPATH\Boot.php(68): CodeIgniter\Boot::runCodeIgniter(Object(CodeIgniter\CodeIgniter))
 8 FCPATH\index.php(59): CodeIgniter\Boot::bootWeb(Object(Config\Paths))
 9 SYSTEMPATH\rewrite.php(44): require_once('C:\\xampp\\htdocs\\testing\\public\\index.php')
CRITICAL - 2025-10-30 12:10:32 --> [Caused by] CodeIgniter\Database\Exceptions\DatabaseException: Unknown column 'pd.tanggal_pengajuan' in 'field list'
in SYSTEMPATH\Database\MySQLi\Connection.php on line 332.
 1 SYSTEMPATH\Database\BaseConnection.php(729): CodeIgniter\Database\MySQLi\Connection->execute('
        SELECT pd.id, pd.status, 
               COALESCE(pd.tanggal_pengajuan, DATE(pd.created_at)) AS tgl_pengajuan,
               pd.tanggal_efektif,
               u.name AS nama, u.email, k.jabatan
        FROM pensiun pd
        JOIN karyawan k ON k.id = pd.karyawan_id
        JOIN users u    ON u.id = k.user_id
        ORDER BY pd.status=\'menunggu\' DESC, tgl_pengajuan DESC, pd.id DESC
    ')
 2 SYSTEMPATH\Database\BaseConnection.php(646): CodeIgniter\Database\BaseConnection->simpleQuery('
        SELECT pd.id, pd.status, 
               COALESCE(pd.tanggal_pengajuan, DATE(pd.created_at)) AS tgl_pengajuan,
               pd.tanggal_efektif,
               u.name AS nama, u.email, k.jabatan
        FROM pensiun pd
        JOIN karyawan k ON k.id = pd.karyawan_id
        JOIN users u    ON u.id = k.user_id
        ORDER BY pd.status=\'menunggu\' DESC, tgl_pengajuan DESC, pd.id DESC
    ')
 3 APPPATH\Controllers\owner.php(1146): CodeIgniter\Database\BaseConnection->query('
        SELECT pd.id, pd.status, 
               COALESCE(pd.tanggal_pengajuan, DATE(pd.created_at)) AS tgl_pengajuan,
               pd.tanggal_efektif,
               u.name AS nama, u.email, k.jabatan
        FROM pensiun pd
        JOIN karyawan k ON k.id = pd.karyawan_id
        JOIN users u    ON u.id = k.user_id
        ORDER BY pd.status=\'menunggu\' DESC, tgl_pengajuan DESC, pd.id DESC
    ')
 4 APPPATH\Controllers\owner.php(1256): App\Controllers\Owner->_exitsIndexUsing('pensiun', 'pensiun')
 5 SYSTEMPATH\CodeIgniter.php(933): App\Controllers\Owner->pensiunIndex()
 6 SYSTEMPATH\CodeIgniter.php(507): CodeIgniter\CodeIgniter->runController(Object(App\Controllers\Owner))
 7 SYSTEMPATH\CodeIgniter.php(354): CodeIgniter\CodeIgniter->handleRequest(null, Object(Config\Cache), false)
 8 SYSTEMPATH\Boot.php(363): CodeIgniter\CodeIgniter->run()
 9 SYSTEMPATH\Boot.php(68): CodeIgniter\Boot::runCodeIgniter(Object(CodeIgniter\CodeIgniter))
10 FCPATH\index.php(59): CodeIgniter\Boot::bootWeb(Object(Config\Paths))
11 SYSTEMPATH\rewrite.php(44): require_once('C:\\xampp\\htdocs\\testing\\public\\index.php')
CRITICAL - 2025-10-30 12:10:32 --> [Caused by] mysqli_sql_exception: Unknown column 'pd.tanggal_pengajuan' in 'field list'
in SYSTEMPATH\Database\MySQLi\Connection.php on line 327.
 1 SYSTEMPATH\Database\MySQLi\Connection.php(327): mysqli->query('
        SELECT pd.id, pd.status, 
               COALESCE(pd.tanggal_pengajuan, DATE(pd.created_at)) AS tgl_pengajuan,
               pd.tanggal_efektif,
               u.name AS nama, u.email, k.jabatan
        FROM pensiun pd
        JOIN karyawan k ON k.id = pd.karyawan_id
        JOIN users u    ON u.id = k.user_id
        ORDER BY pd.status=\'menunggu\' DESC, tgl_pengajuan DESC, pd.id DESC
    ', 0)
 2 SYSTEMPATH\Database\BaseConnection.php(729): CodeIgniter\Database\MySQLi\Connection->execute('
        SELECT pd.id, pd.status, 
               COALESCE(pd.tanggal_pengajuan, DATE(pd.created_at)) AS tgl_pengajuan,
               pd.tanggal_efektif,
               u.name AS nama, u.email, k.jabatan
        FROM pensiun pd
        JOIN karyawan k ON k.id = pd.karyawan_id
        JOIN users u    ON u.id = k.user_id
        ORDER BY pd.status=\'menunggu\' DESC, tgl_pengajuan DESC, pd.id DESC
    ')
 3 SYSTEMPATH\Database\BaseConnection.php(646): CodeIgniter\Database\BaseConnection->simpleQuery('
        SELECT pd.id, pd.status, 
               COALESCE(pd.tanggal_pengajuan, DATE(pd.created_at)) AS tgl_pengajuan,
               pd.tanggal_efektif,
               u.name AS nama, u.email, k.jabatan
        FROM pensiun pd
        JOIN karyawan k ON k.id = pd.karyawan_id
        JOIN users u    ON u.id = k.user_id
        ORDER BY pd.status=\'menunggu\' DESC, tgl_pengajuan DESC, pd.id DESC
    ')
 4 APPPATH\Controllers\owner.php(1146): CodeIgniter\Database\BaseConnection->query('
        SELECT pd.id, pd.status, 
               COALESCE(pd.tanggal_pengajuan, DATE(pd.created_at)) AS tgl_pengajuan,
               pd.tanggal_efektif,
               u.name AS nama, u.email, k.jabatan
        FROM pensiun pd
        JOIN karyawan k ON k.id = pd.karyawan_id
        JOIN users u    ON u.id = k.user_id
        ORDER BY pd.status=\'menunggu\' DESC, tgl_pengajuan DESC, pd.id DESC
    ')
 5 APPPATH\Controllers\owner.php(1256): App\Controllers\Owner->_exitsIndexUsing('pensiun', 'pensiun')
 6 SYSTEMPATH\CodeIgniter.php(933): App\Controllers\Owner->pensiunIndex()
 7 SYSTEMPATH\CodeIgniter.php(507): CodeIgniter\CodeIgniter->runController(Object(App\Controllers\Owner))
 8 SYSTEMPATH\CodeIgniter.php(354): CodeIgniter\CodeIgniter->handleRequest(null, Object(Config\Cache), false)
 9 SYSTEMPATH\Boot.php(363): CodeIgniter\CodeIgniter->run()
10 SYSTEMPATH\Boot.php(68): CodeIgniter\Boot::runCodeIgniter(Object(CodeIgniter\CodeIgniter))
11 FCPATH\index.php(59): CodeIgniter\Boot::bootWeb(Object(Config\Paths))
12 SYSTEMPATH\rewrite.php(44): require_once('C:\\xampp\\htdocs\\testing\\public\\index.php')
DEBUG - 2025-10-30 12:10:35 --> Session: Class initialized using 'CodeIgniter\Session\Handlers\FileHandler' driver.
DEBUG - 2025-10-30 12:10:38 --> Session: Class initialized using 'CodeIgniter\Session\Handlers\FileHandler' driver.
CRITICAL - 2025-10-30 12:10:38 --> ErrorException: Undefined variable $r
[Method: GET, Route: owner/resign]
in APPPATH\Views\owner\exits\index.php on line 1.
 1 APPPATH\Views\owner\exits\index.php(1): CodeIgniter\Debug\Exceptions->errorHandler(2, 'Undefined variable $r', 'C:\\xampp\\htdocs\\testing\\app\\Views\\owner\\exits\\index.php', 1)
 2 SYSTEMPATH\View\View.php(226): include('C:\\xampp\\htdocs\\testing\\app\\Views\\owner\\exits\\index.php')
 3 SYSTEMPATH\View\View.php(229): CodeIgniter\View\View->CodeIgniter\View\{closure}()
 4 SYSTEMPATH\Common.php(1167): CodeIgniter\View\View->render('owner/exits/index', [], true)
 5 APPPATH\Controllers\owner.php(1157): view('owner/exits/index', [...])
 6 APPPATH\Controllers\owner.php(1238): App\Controllers\Owner->_exitsIndexUsing('pengunduran_diri', 'resign')
 7 SYSTEMPATH\CodeIgniter.php(933): App\Controllers\Owner->resignIndex()
 8 SYSTEMPATH\CodeIgniter.php(507): CodeIgniter\CodeIgniter->runController(Object(App\Controllers\Owner))
 9 SYSTEMPATH\CodeIgniter.php(354): CodeIgniter\CodeIgniter->handleRequest(null, Object(Config\Cache), false)
10 SYSTEMPATH\Boot.php(363): CodeIgniter\CodeIgniter->run()
11 SYSTEMPATH\Boot.php(68): CodeIgniter\Boot::runCodeIgniter(Object(CodeIgniter\CodeIgniter))
12 FCPATH\index.php(59): CodeIgniter\Boot::bootWeb(Object(Config\Paths))
13 SYSTEMPATH\rewrite.php(44): require_once('C:\\xampp\\htdocs\\testing\\public\\index.php')
DEBUG - 2025-10-30 12:10:51 --> Session: Class initialized using 'CodeIgniter\Session\Handlers\FileHandler' driver.
DEBUG - 2025-10-30 12:10:55 --> Session: Class initialized using 'CodeIgniter\Session\Handlers\FileHandler' driver.
ERROR - 2025-10-30 12:10:55 --> mysqli_sql_exception: Unknown column 'pd.tanggal_pengajuan' in 'field list' in C:\xampp\htdocs\testing\system\Database\MySQLi\Connection.php:327
Stack trace:
#0 C:\xampp\htdocs\testing\system\Database\MySQLi\Connection.php(327): mysqli->query('\r\n        SELEC...', 0)
#1 C:\xampp\htdocs\testing\system\Database\BaseConnection.php(729): CodeIgniter\Database\MySQLi\Connection->execute('\r\n        SELEC...')
#2 C:\xampp\htdocs\testing\system\Database\BaseConnection.php(646): CodeIgniter\Database\BaseConnection->simpleQuery('\r\n        SELEC...')
#3 C:\xampp\htdocs\testing\app\Controllers\owner.php(1146): CodeIgniter\Database\BaseConnection->query('\r\n        SELEC...')
#4 C:\xampp\htdocs\testing\app\Controllers\owner.php(1256): App\Controllers\Owner->_exitsIndexUsing('pensiun', 'pensiun')
#5 C:\xampp\htdocs\testing\system\CodeIgniter.php(933): App\Controllers\Owner->pensiunIndex()
#6 C:\xampp\htdocs\testing\system\CodeIgniter.php(507): CodeIgniter\CodeIgniter->runController(Object(App\Controllers\Owner))
#7 C:\xampp\htdocs\testing\system\CodeIgniter.php(354): CodeIgniter\CodeIgniter->handleRequest(NULL, Object(Config\Cache), false)
#8 C:\xampp\htdocs\testing\system\Boot.php(363): CodeIgniter\CodeIgniter->run()
#9 C:\xampp\htdocs\testing\system\Boot.php(68): CodeIgniter\Boot::runCodeIgniter(Object(CodeIgniter\CodeIgniter))
#10 C:\xampp\htdocs\testing\public\index.php(59): CodeIgniter\Boot::bootWeb(Object(Config\Paths))
#11 C:\xampp\htdocs\testing\system\rewrite.php(44): require_once('C:\\xampp\\htdocs...')
#12 {main}
CRITICAL - 2025-10-30 12:10:55 --> CodeIgniter\Database\Exceptions\DatabaseException: Unknown column 'pd.tanggal_pengajuan' in 'field list'
[Method: GET, Route: owner/pensiun]
in SYSTEMPATH\Database\BaseConnection.php on line 684.
 1 APPPATH\Controllers\owner.php(1146): CodeIgniter\Database\BaseConnection->query('
        SELECT pd.id, pd.status, 
               COALESCE(pd.tanggal_pengajuan, DATE(pd.created_at)) AS tgl_pengajuan,
               pd.tanggal_efektif,
               u.name AS nama, u.email, k.jabatan
        FROM pensiun pd
        JOIN karyawan k ON k.id = pd.karyawan_id
        JOIN users u    ON u.id = k.user_id
        ORDER BY pd.status=\'menunggu\' DESC, tgl_pengajuan DESC, pd.id DESC
    ')
 2 APPPATH\Controllers\owner.php(1256): App\Controllers\Owner->_exitsIndexUsing('pensiun', 'pensiun')
 3 SYSTEMPATH\CodeIgniter.php(933): App\Controllers\Owner->pensiunIndex()
 4 SYSTEMPATH\CodeIgniter.php(507): CodeIgniter\CodeIgniter->runController(Object(App\Controllers\Owner))
 5 SYSTEMPATH\CodeIgniter.php(354): CodeIgniter\CodeIgniter->handleRequest(null, Object(Config\Cache), false)
 6 SYSTEMPATH\Boot.php(363): CodeIgniter\CodeIgniter->run()
 7 SYSTEMPATH\Boot.php(68): CodeIgniter\Boot::runCodeIgniter(Object(CodeIgniter\CodeIgniter))
 8 FCPATH\index.php(59): CodeIgniter\Boot::bootWeb(Object(Config\Paths))
 9 SYSTEMPATH\rewrite.php(44): require_once('C:\\xampp\\htdocs\\testing\\public\\index.php')
CRITICAL - 2025-10-30 12:10:55 --> [Caused by] CodeIgniter\Database\Exceptions\DatabaseException: Unknown column 'pd.tanggal_pengajuan' in 'field list'
in SYSTEMPATH\Database\MySQLi\Connection.php on line 332.
 1 SYSTEMPATH\Database\BaseConnection.php(729): CodeIgniter\Database\MySQLi\Connection->execute('
        SELECT pd.id, pd.status, 
               COALESCE(pd.tanggal_pengajuan, DATE(pd.created_at)) AS tgl_pengajuan,
               pd.tanggal_efektif,
               u.name AS nama, u.email, k.jabatan
        FROM pensiun pd
        JOIN karyawan k ON k.id = pd.karyawan_id
        JOIN users u    ON u.id = k.user_id
        ORDER BY pd.status=\'menunggu\' DESC, tgl_pengajuan DESC, pd.id DESC
    ')
 2 SYSTEMPATH\Database\BaseConnection.php(646): CodeIgniter\Database\BaseConnection->simpleQuery('
        SELECT pd.id, pd.status, 
               COALESCE(pd.tanggal_pengajuan, DATE(pd.created_at)) AS tgl_pengajuan,
               pd.tanggal_efektif,
               u.name AS nama, u.email, k.jabatan
        FROM pensiun pd
        JOIN karyawan k ON k.id = pd.karyawan_id
        JOIN users u    ON u.id = k.user_id
        ORDER BY pd.status=\'menunggu\' DESC, tgl_pengajuan DESC, pd.id DESC
    ')
 3 APPPATH\Controllers\owner.php(1146): CodeIgniter\Database\BaseConnection->query('
        SELECT pd.id, pd.status, 
               COALESCE(pd.tanggal_pengajuan, DATE(pd.created_at)) AS tgl_pengajuan,
               pd.tanggal_efektif,
               u.name AS nama, u.email, k.jabatan
        FROM pensiun pd
        JOIN karyawan k ON k.id = pd.karyawan_id
        JOIN users u    ON u.id = k.user_id
        ORDER BY pd.status=\'menunggu\' DESC, tgl_pengajuan DESC, pd.id DESC
    ')
 4 APPPATH\Controllers\owner.php(1256): App\Controllers\Owner->_exitsIndexUsing('pensiun', 'pensiun')
 5 SYSTEMPATH\CodeIgniter.php(933): App\Controllers\Owner->pensiunIndex()
 6 SYSTEMPATH\CodeIgniter.php(507): CodeIgniter\CodeIgniter->runController(Object(App\Controllers\Owner))
 7 SYSTEMPATH\CodeIgniter.php(354): CodeIgniter\CodeIgniter->handleRequest(null, Object(Config\Cache), false)
 8 SYSTEMPATH\Boot.php(363): CodeIgniter\CodeIgniter->run()
 9 SYSTEMPATH\Boot.php(68): CodeIgniter\Boot::runCodeIgniter(Object(CodeIgniter\CodeIgniter))
10 FCPATH\index.php(59): CodeIgniter\Boot::bootWeb(Object(Config\Paths))
11 SYSTEMPATH\rewrite.php(44): require_once('C:\\xampp\\htdocs\\testing\\public\\index.php')
CRITICAL - 2025-10-30 12:10:55 --> [Caused by] mysqli_sql_exception: Unknown column 'pd.tanggal_pengajuan' in 'field list'
in SYSTEMPATH\Database\MySQLi\Connection.php on line 327.
 1 SYSTEMPATH\Database\MySQLi\Connection.php(327): mysqli->query('
        SELECT pd.id, pd.status, 
               COALESCE(pd.tanggal_pengajuan, DATE(pd.created_at)) AS tgl_pengajuan,
               pd.tanggal_efektif,
               u.name AS nama, u.email, k.jabatan
        FROM pensiun pd
        JOIN karyawan k ON k.id = pd.karyawan_id
        JOIN users u    ON u.id = k.user_id
        ORDER BY pd.status=\'menunggu\' DESC, tgl_pengajuan DESC, pd.id DESC
    ', 0)
 2 SYSTEMPATH\Database\BaseConnection.php(729): CodeIgniter\Database\MySQLi\Connection->execute('
        SELECT pd.id, pd.status, 
               COALESCE(pd.tanggal_pengajuan, DATE(pd.created_at)) AS tgl_pengajuan,
               pd.tanggal_efektif,
               u.name AS nama, u.email, k.jabatan
        FROM pensiun pd
        JOIN karyawan k ON k.id = pd.karyawan_id
        JOIN users u    ON u.id = k.user_id
        ORDER BY pd.status=\'menunggu\' DESC, tgl_pengajuan DESC, pd.id DESC
    ')
 3 SYSTEMPATH\Database\BaseConnection.php(646): CodeIgniter\Database\BaseConnection->simpleQuery('
        SELECT pd.id, pd.status, 
               COALESCE(pd.tanggal_pengajuan, DATE(pd.created_at)) AS tgl_pengajuan,
               pd.tanggal_efektif,
               u.name AS nama, u.email, k.jabatan
        FROM pensiun pd
        JOIN karyawan k ON k.id = pd.karyawan_id
        JOIN users u    ON u.id = k.user_id
        ORDER BY pd.status=\'menunggu\' DESC, tgl_pengajuan DESC, pd.id DESC
    ')
 4 APPPATH\Controllers\owner.php(1146): CodeIgniter\Database\BaseConnection->query('
        SELECT pd.id, pd.status, 
               COALESCE(pd.tanggal_pengajuan, DATE(pd.created_at)) AS tgl_pengajuan,
               pd.tanggal_efektif,
               u.name AS nama, u.email, k.jabatan
        FROM pensiun pd
        JOIN karyawan k ON k.id = pd.karyawan_id
        JOIN users u    ON u.id = k.user_id
        ORDER BY pd.status=\'menunggu\' DESC, tgl_pengajuan DESC, pd.id DESC
    ')
 5 APPPATH\Controllers\owner.php(1256): App\Controllers\Owner->_exitsIndexUsing('pensiun', 'pensiun')
 6 SYSTEMPATH\CodeIgniter.php(933): App\Controllers\Owner->pensiunIndex()
 7 SYSTEMPATH\CodeIgniter.php(507): CodeIgniter\CodeIgniter->runController(Object(App\Controllers\Owner))
 8 SYSTEMPATH\CodeIgniter.php(354): CodeIgniter\CodeIgniter->handleRequest(null, Object(Config\Cache), false)
 9 SYSTEMPATH\Boot.php(363): CodeIgniter\CodeIgniter->run()
10 SYSTEMPATH\Boot.php(68): CodeIgniter\Boot::runCodeIgniter(Object(CodeIgniter\CodeIgniter))
11 FCPATH\index.php(59): CodeIgniter\Boot::bootWeb(Object(Config\Paths))
12 SYSTEMPATH\rewrite.php(44): require_once('C:\\xampp\\htdocs\\testing\\public\\index.php')
DEBUG - 2025-10-30 12:15:40 --> Session: Class initialized using 'CodeIgniter\Session\Handlers\FileHandler' driver.
DEBUG - 2025-10-30 12:15:41 --> Session: Class initialized using 'CodeIgniter\Session\Handlers\FileHandler' driver.
DEBUG - 2025-10-30 12:15:46 --> Session: Class initialized using 'CodeIgniter\Session\Handlers\FileHandler' driver.
DEBUG - 2025-10-30 12:15:50 --> Session: Class initialized using 'CodeIgniter\Session\Handlers\FileHandler' driver.
DEBUG - 2025-10-30 12:15:52 --> Session: Class initialized using 'CodeIgniter\Session\Handlers\FileHandler' driver.
DEBUG - 2025-10-30 12:15:55 --> Session: Class initialized using 'CodeIgniter\Session\Handlers\FileHandler' driver.
DEBUG - 2025-10-30 12:15:56 --> Session: Class initialized using 'CodeIgniter\Session\Handlers\FileHandler' driver.
DEBUG - 2025-10-30 12:15:58 --> Session: Class initialized using 'CodeIgniter\Session\Handlers\FileHandler' driver.
DEBUG - 2025-10-30 12:16:06 --> Session: Class initialized using 'CodeIgniter\Session\Handlers\FileHandler' driver.
DEBUG - 2025-10-30 12:16:08 --> Session: Class initialized using 'CodeIgniter\Session\Handlers\FileHandler' driver.
DEBUG - 2025-10-30 12:16:11 --> Session: Class initialized using 'CodeIgniter\Session\Handlers\FileHandler' driver.
DEBUG - 2025-10-30 12:16:11 --> Session: Class initialized using 'CodeIgniter\Session\Handlers\FileHandler' driver.
DEBUG - 2025-10-30 12:16:17 --> Session: Class initialized using 'CodeIgniter\Session\Handlers\FileHandler' driver.
DEBUG - 2025-10-30 12:16:19 --> Session: Class initialized using 'CodeIgniter\Session\Handlers\FileHandler' driver.
DEBUG - 2025-10-30 12:16:22 --> Session: Class initialized using 'CodeIgniter\Session\Handlers\FileHandler' driver.
DEBUG - 2025-10-30 12:16:23 --> Session: Class initialized using 'CodeIgniter\Session\Handlers\FileHandler' driver.
DEBUG - 2025-10-30 12:16:28 --> Session: Class initialized using 'CodeIgniter\Session\Handlers\FileHandler' driver.
DEBUG - 2025-10-30 12:16:31 --> Session: Class initialized using 'CodeIgniter\Session\Handlers\FileHandler' driver.
DEBUG - 2025-10-30 12:16:34 --> Session: Class initialized using 'CodeIgniter\Session\Handlers\FileHandler' driver.
DEBUG - 2025-10-30 12:16:40 --> Session: Class initialized using 'CodeIgniter\Session\Handlers\FileHandler' driver.
DEBUG - 2025-10-30 12:21:03 --> Session: Class initialized using 'CodeIgniter\Session\Handlers\FileHandler' driver.
DEBUG - 2025-10-30 12:35:46 --> Session: Class initialized using 'CodeIgniter\Session\Handlers\FileHandler' driver.
DEBUG - 2025-10-30 12:35:47 --> Session: Class initialized using 'CodeIgniter\Session\Handlers\FileHandler' driver.
DEBUG - 2025-10-30 12:36:01 --> Session: Class initialized using 'CodeIgniter\Session\Handlers\FileHandler' driver.
DEBUG - 2025-10-30 12:36:01 --> Session: Class initialized using 'CodeIgniter\Session\Handlers\FileHandler' driver.
DEBUG - 2025-10-30 12:36:20 --> Session: Class initialized using 'CodeIgniter\Session\Handlers\FileHandler' driver.
DEBUG - 2025-10-30 12:36:20 --> Session: Class initialized using 'CodeIgniter\Session\Handlers\FileHandler' driver.
CRITICAL - 2025-10-30 12:36:20 --> ErrorException: Undefined variable $me
[Method: GET, Route: employee]
in APPPATH\Views\dashboard\employee.php on line 15.
 1 APPPATH\Views\dashboard\employee.php(15): CodeIgniter\Debug\Exceptions->errorHandler(2, 'Undefined variable $me', 'C:\\xampp\\htdocs\\testing\\app\\Views\\dashboard\\employee.php', 15)
 2 SYSTEMPATH\View\View.php(226): include('C:\\xampp\\htdocs\\testing\\app\\Views\\dashboard\\employee.php')
 3 SYSTEMPATH\View\View.php(229): CodeIgniter\View\View->CodeIgniter\View\{closure}()
 4 SYSTEMPATH\Common.php(1167): CodeIgniter\View\View->render('dashboard/employee', [], true)
 5 APPPATH\Controllers\Dashboard.php(16): view('dashboard/employee', [...])
 6 SYSTEMPATH\CodeIgniter.php(933): App\Controllers\Dashboard->employee()
 7 SYSTEMPATH\CodeIgniter.php(507): CodeIgniter\CodeIgniter->runController(Object(App\Controllers\Dashboard))
 8 SYSTEMPATH\CodeIgniter.php(354): CodeIgniter\CodeIgniter->handleRequest(null, Object(Config\Cache), false)
 9 SYSTEMPATH\Boot.php(363): CodeIgniter\CodeIgniter->run()
10 SYSTEMPATH\Boot.php(68): CodeIgniter\Boot::runCodeIgniter(Object(CodeIgniter\CodeIgniter))
11 FCPATH\index.php(59): CodeIgniter\Boot::bootWeb(Object(Config\Paths))
12 SYSTEMPATH\rewrite.php(44): require_once('C:\\xampp\\htdocs\\testing\\public\\index.php')
DEBUG - 2025-10-30 12:41:23 --> Session: Class initialized using 'CodeIgniter\Session\Handlers\FileHandler' driver.
DEBUG - 2025-10-30 12:41:28 --> Session: Class initialized using 'CodeIgniter\Session\Handlers\FileHandler' driver.
DEBUG - 2025-10-30 12:41:28 --> Session: Class initialized using 'CodeIgniter\Session\Handlers\FileHandler' driver.
DEBUG - 2025-10-30 12:41:28 --> Session: Class initialized using 'CodeIgniter\Session\Handlers\FileHandler' driver.
DEBUG - 2025-10-30 12:41:40 --> Session: Class initialized using 'CodeIgniter\Session\Handlers\FileHandler' driver.
DEBUG - 2025-10-30 12:41:40 --> Session: Class initialized using 'CodeIgniter\Session\Handlers\FileHandler' driver.
DEBUG - 2025-10-30 12:41:40 --> Session: Class initialized using 'CodeIgniter\Session\Handlers\FileHandler' driver.
DEBUG - 2025-10-30 12:41:52 --> Session: Class initialized using 'CodeIgniter\Session\Handlers\FileHandler' driver.
DEBUG - 2025-10-30 12:41:52 --> Session: Class initialized using 'CodeIgniter\Session\Handlers\FileHandler' driver.
DEBUG - 2025-10-30 12:41:53 --> Session: Class initialized using 'CodeIgniter\Session\Handlers\FileHandler' driver.
DEBUG - 2025-10-30 12:46:42 --> Session: Class initialized using 'CodeIgniter\Session\Handlers\FileHandler' driver.
DEBUG - 2025-10-30 12:46:51 --> Session: Class initialized using 'CodeIgniter\Session\Handlers\FileHandler' driver.
DEBUG - 2025-10-30 12:46:52 --> Session: Class initialized using 'CodeIgniter\Session\Handlers\FileHandler' driver.
CRITICAL - 2025-10-30 12:46:52 --> ErrorException: Undefined array key "status"
[Method: GET, Route: employee]
in APPPATH\Views\dashboard\employee.php on line 44.
 1 APPPATH\Views\dashboard\employee.php(44): CodeIgniter\Debug\Exceptions->errorHandler(2, 'Undefined array key "status"', 'C:\\xampp\\htdocs\\testing\\app\\Views\\dashboard\\employee.php', 44)
 2 SYSTEMPATH\View\View.php(226): include('C:\\xampp\\htdocs\\testing\\app\\Views\\dashboard\\employee.php')
 3 SYSTEMPATH\View\View.php(229): CodeIgniter\View\View->CodeIgniter\View\{closure}()
 4 SYSTEMPATH\Common.php(1167): CodeIgniter\View\View->render('dashboard/employee', [], true)
 5 APPPATH\Controllers\Dashboard.php(34): view('dashboard/employee', [...])
 6 SYSTEMPATH\CodeIgniter.php(933): App\Controllers\Dashboard->employee()
 7 SYSTEMPATH\CodeIgniter.php(507): CodeIgniter\CodeIgniter->runController(Object(App\Controllers\Dashboard))
 8 SYSTEMPATH\CodeIgniter.php(354): CodeIgniter\CodeIgniter->handleRequest(null, Object(Config\Cache), false)
 9 SYSTEMPATH\Boot.php(363): CodeIgniter\CodeIgniter->run()
10 SYSTEMPATH\Boot.php(68): CodeIgniter\Boot::runCodeIgniter(Object(CodeIgniter\CodeIgniter))
11 FCPATH\index.php(59): CodeIgniter\Boot::bootWeb(Object(Config\Paths))
12 SYSTEMPATH\rewrite.php(44): require_once('C:\\xampp\\htdocs\\testing\\public\\index.php')
DEBUG - 2025-10-30 12:48:51 --> Session: Class initialized using 'CodeIgniter\Session\Handlers\FileHandler' driver.
DEBUG - 2025-10-30 12:48:56 --> Session: Class initialized using 'CodeIgniter\Session\Handlers\FileHandler' driver.
DEBUG - 2025-10-30 12:48:56 --> Session: Class initialized using 'CodeIgniter\Session\Handlers\FileHandler' driver.
CRITICAL - 2025-10-30 12:48:56 --> ErrorException: Undefined array key "status"
[Method: GET, Route: employee]
in APPPATH\Views\dashboard\employee.php on line 46.
 1 APPPATH\Views\dashboard\employee.php(46): CodeIgniter\Debug\Exceptions->errorHandler(2, 'Undefined array key "status"', 'C:\\xampp\\htdocs\\testing\\app\\Views\\dashboard\\employee.php', 46)
 2 SYSTEMPATH\View\View.php(226): include('C:\\xampp\\htdocs\\testing\\app\\Views\\dashboard\\employee.php')
 3 SYSTEMPATH\View\View.php(229): CodeIgniter\View\View->CodeIgniter\View\{closure}()
 4 SYSTEMPATH\Common.php(1167): CodeIgniter\View\View->render('dashboard/employee', [], true)
 5 APPPATH\Controllers\Dashboard.php(27): view('dashboard/employee', [...])
 6 SYSTEMPATH\CodeIgniter.php(933): App\Controllers\Dashboard->employee()
 7 SYSTEMPATH\CodeIgniter.php(507): CodeIgniter\CodeIgniter->runController(Object(App\Controllers\Dashboard))
 8 SYSTEMPATH\CodeIgniter.php(354): CodeIgniter\CodeIgniter->handleRequest(null, Object(Config\Cache), false)
 9 SYSTEMPATH\Boot.php(363): CodeIgniter\CodeIgniter->run()
10 SYSTEMPATH\Boot.php(68): CodeIgniter\Boot::runCodeIgniter(Object(CodeIgniter\CodeIgniter))
11 FCPATH\index.php(59): CodeIgniter\Boot::bootWeb(Object(Config\Paths))
12 SYSTEMPATH\rewrite.php(44): require_once('C:\\xampp\\htdocs\\testing\\public\\index.php')
DEBUG - 2025-10-30 12:53:51 --> Session: Class initialized using 'CodeIgniter\Session\Handlers\FileHandler' driver.
DEBUG - 2025-10-30 12:53:56 --> Session: Class initialized using 'CodeIgniter\Session\Handlers\FileHandler' driver.
DEBUG - 2025-10-30 12:53:56 --> Session: Class initialized using 'CodeIgniter\Session\Handlers\FileHandler' driver.
CRITICAL - 2025-10-30 12:53:56 --> ErrorException: Undefined variable $today
[Method: GET, Route: employee]
in APPPATH\Views\dashboard\employee.php on line 73.
 1 APPPATH\Views\dashboard\employee.php(73): CodeIgniter\Debug\Exceptions->errorHandler(2, 'Undefined variable $today', 'C:\\xampp\\htdocs\\testing\\app\\Views\\dashboard\\employee.php', 73)
 2 SYSTEMPATH\View\View.php(226): include('C:\\xampp\\htdocs\\testing\\app\\Views\\dashboard\\employee.php')
 3 SYSTEMPATH\View\View.php(229): CodeIgniter\View\View->CodeIgniter\View\{closure}()
 4 SYSTEMPATH\Common.php(1167): CodeIgniter\View\View->render('dashboard/employee', [], true)
 5 APPPATH\Controllers\Dashboard.php(30): view('dashboard/employee', [...])
 6 SYSTEMPATH\CodeIgniter.php(933): App\Controllers\Dashboard->employee()
 7 SYSTEMPATH\CodeIgniter.php(507): CodeIgniter\CodeIgniter->runController(Object(App\Controllers\Dashboard))
 8 SYSTEMPATH\CodeIgniter.php(354): CodeIgniter\CodeIgniter->handleRequest(null, Object(Config\Cache), false)
 9 SYSTEMPATH\Boot.php(363): CodeIgniter\CodeIgniter->run()
10 SYSTEMPATH\Boot.php(68): CodeIgniter\Boot::runCodeIgniter(Object(CodeIgniter\CodeIgniter))
11 FCPATH\index.php(59): CodeIgniter\Boot::bootWeb(Object(Config\Paths))
12 SYSTEMPATH\rewrite.php(44): require_once('C:\\xampp\\htdocs\\testing\\public\\index.php')
DEBUG - 2025-10-30 12:59:09 --> Session: Class initialized using 'CodeIgniter\Session\Handlers\FileHandler' driver.
DEBUG - 2025-10-30 12:59:14 --> Session: Class initialized using 'CodeIgniter\Session\Handlers\FileHandler' driver.
DEBUG - 2025-10-30 12:59:15 --> Session: Class initialized using 'CodeIgniter\Session\Handlers\FileHandler' driver.
CRITICAL - 2025-10-30 12:59:15 --> ErrorException: Undefined variable $pendingIzin
[Method: GET, Route: employee]
in APPPATH\Views\dashboard\employee.php on line 145.
 1 APPPATH\Views\dashboard\employee.php(145): CodeIgniter\Debug\Exceptions->errorHandler(2, 'Undefined variable $pendingIzin', 'C:\\xampp\\htdocs\\testing\\app\\Views\\dashboard\\employee.php', 145)
 2 SYSTEMPATH\View\View.php(226): include('C:\\xampp\\htdocs\\testing\\app\\Views\\dashboard\\employee.php')
 3 SYSTEMPATH\View\View.php(229): CodeIgniter\View\View->CodeIgniter\View\{closure}()
 4 SYSTEMPATH\Common.php(1167): CodeIgniter\View\View->render('dashboard/employee', [], true)
 5 APPPATH\Controllers\Dashboard.php(56): view('dashboard/employee', [...])
 6 SYSTEMPATH\CodeIgniter.php(933): App\Controllers\Dashboard->employee()
 7 SYSTEMPATH\CodeIgniter.php(507): CodeIgniter\CodeIgniter->runController(Object(App\Controllers\Dashboard))
 8 SYSTEMPATH\CodeIgniter.php(354): CodeIgniter\CodeIgniter->handleRequest(null, Object(Config\Cache), false)
 9 SYSTEMPATH\Boot.php(363): CodeIgniter\CodeIgniter->run()
10 SYSTEMPATH\Boot.php(68): CodeIgniter\Boot::runCodeIgniter(Object(CodeIgniter\CodeIgniter))
11 FCPATH\index.php(59): CodeIgniter\Boot::bootWeb(Object(Config\Paths))
12 SYSTEMPATH\rewrite.php(44): require_once('C:\\xampp\\htdocs\\testing\\public\\index.php')
DEBUG - 2025-10-30 13:06:30 --> Session: Class initialized using 'CodeIgniter\Session\Handlers\FileHandler' driver.
DEBUG - 2025-10-30 13:06:34 --> Session: Class initialized using 'CodeIgniter\Session\Handlers\FileHandler' driver.
DEBUG - 2025-10-30 13:06:34 --> Session: Class initialized using 'CodeIgniter\Session\Handlers\FileHandler' driver.
CRITICAL - 2025-10-30 13:06:34 --> ErrorException: Undefined variable $upcoming
[Method: GET, Route: employee]
in APPPATH\Views\dashboard\employee.php on line 173.
 1 APPPATH\Views\dashboard\employee.php(173): CodeIgniter\Debug\Exceptions->errorHandler(2, 'Undefined variable $upcoming', 'C:\\xampp\\htdocs\\testing\\app\\Views\\dashboard\\employee.php', 173)
 2 SYSTEMPATH\View\View.php(226): include('C:\\xampp\\htdocs\\testing\\app\\Views\\dashboard\\employee.php')
 3 SYSTEMPATH\View\View.php(229): CodeIgniter\View\View->CodeIgniter\View\{closure}()
 4 SYSTEMPATH\Common.php(1167): CodeIgniter\View\View->render('dashboard/employee', [], true)
 5 APPPATH\Controllers\Dashboard.php(68): view('dashboard/employee', [...])
 6 SYSTEMPATH\CodeIgniter.php(933): App\Controllers\Dashboard->employee()
 7 SYSTEMPATH\CodeIgniter.php(507): CodeIgniter\CodeIgniter->runController(Object(App\Controllers\Dashboard))
 8 SYSTEMPATH\CodeIgniter.php(354): CodeIgniter\CodeIgniter->handleRequest(null, Object(Config\Cache), false)
 9 SYSTEMPATH\Boot.php(363): CodeIgniter\CodeIgniter->run()
10 SYSTEMPATH\Boot.php(68): CodeIgniter\Boot::runCodeIgniter(Object(CodeIgniter\CodeIgniter))
11 FCPATH\index.php(59): CodeIgniter\Boot::bootWeb(Object(Config\Paths))
12 SYSTEMPATH\rewrite.php(44): require_once('C:\\xampp\\htdocs\\testing\\public\\index.php')
DEBUG - 2025-10-30 13:23:52 --> Session: Class initialized using 'CodeIgniter\Session\Handlers\FileHandler' driver.
DEBUG - 2025-10-30 13:23:58 --> Session: Class initialized using 'CodeIgniter\Session\Handlers\FileHandler' driver.
DEBUG - 2025-10-30 13:23:59 --> Session: Class initialized using 'CodeIgniter\Session\Handlers\FileHandler' driver.
DEBUG - 2025-10-30 13:24:17 --> Session: Class initialized using 'CodeIgniter\Session\Handlers\FileHandler' driver.
DEBUG - 2025-10-30 13:24:20 --> Session: Class initialized using 'CodeIgniter\Session\Handlers\FileHandler' driver.
DEBUG - 2025-10-30 13:24:20 --> Session: Class initialized using 'CodeIgniter\Session\Handlers\FileHandler' driver.
DEBUG - 2025-10-30 13:24:22 --> Session: Class initialized using 'CodeIgniter\Session\Handlers\FileHandler' driver.
DEBUG - 2025-10-30 13:24:23 --> Session: Class initialized using 'CodeIgniter\Session\Handlers\FileHandler' driver.
DEBUG - 2025-10-30 13:24:24 --> Session: Class initialized using 'CodeIgniter\Session\Handlers\FileHandler' driver.
DEBUG - 2025-10-30 13:24:26 --> Session: Class initialized using 'CodeIgniter\Session\Handlers\FileHandler' driver.
DEBUG - 2025-10-30 13:24:26 --> Session: Class initialized using 'CodeIgniter\Session\Handlers\FileHandler' driver.
DEBUG - 2025-10-30 13:24:27 --> Session: Class initialized using 'CodeIgniter\Session\Handlers\FileHandler' driver.
DEBUG - 2025-10-30 13:24:48 --> Session: Class initialized using 'CodeIgniter\Session\Handlers\FileHandler' driver.
DEBUG - 2025-10-30 13:24:59 --> Session: Class initialized using 'CodeIgniter\Session\Handlers\FileHandler' driver.
DEBUG - 2025-10-30 13:31:31 --> Session: Class initialized using 'CodeIgniter\Session\Handlers\FileHandler' driver.
DEBUG - 2025-10-30 13:31:36 --> Session: Class initialized using 'CodeIgniter\Session\Handlers\FileHandler' driver.
DEBUG - 2025-10-30 13:31:36 --> Session: Class initialized using 'CodeIgniter\Session\Handlers\FileHandler' driver.
DEBUG - 2025-10-30 13:31:42 --> Session: Class initialized using 'CodeIgniter\Session\Handlers\FileHandler' driver.
DEBUG - 2025-10-30 13:31:43 --> Session: Class initialized using 'CodeIgniter\Session\Handlers\FileHandler' driver.
DEBUG - 2025-10-30 13:33:38 --> Session: Class initialized using 'CodeIgniter\Session\Handlers\FileHandler' driver.
DEBUG - 2025-10-30 13:33:39 --> Session: Class initialized using 'CodeIgniter\Session\Handlers\FileHandler' driver.
CRITICAL - 2025-10-30 13:33:39 --> CodeIgniter\View\Exceptions\ViewException: Invalid file: "employee/exits/resign_form.php"
[Method: GET, Route: employee/exit/resign]
in SYSTEMPATH\Exceptions\FrameworkException.php on line 39.
 1 SYSTEMPATH\View\View.php(214): CodeIgniter\Exceptions\FrameworkException::forInvalidFile('employee/exits/resign_form.php')
 2 SYSTEMPATH\Common.php(1167): CodeIgniter\View\View->render('employee/exits/resign_form', [], true)
 3 APPPATH\Controllers\employee.php(55): view('employee/exits/resign_form')
 4 SYSTEMPATH\CodeIgniter.php(933): App\Controllers\Employee->exitResignForm()
 5 SYSTEMPATH\CodeIgniter.php(507): CodeIgniter\CodeIgniter->runController(Object(App\Controllers\Employee))
 6 SYSTEMPATH\CodeIgniter.php(354): CodeIgniter\CodeIgniter->handleRequest(null, Object(Config\Cache), false)
 7 SYSTEMPATH\Boot.php(363): CodeIgniter\CodeIgniter->run()
 8 SYSTEMPATH\Boot.php(68): CodeIgniter\Boot::runCodeIgniter(Object(CodeIgniter\CodeIgniter))
 9 FCPATH\index.php(59): CodeIgniter\Boot::bootWeb(Object(Config\Paths))
10 SYSTEMPATH\rewrite.php(44): require_once('C:\\xampp\\htdocs\\testing\\public\\index.php')
DEBUG - 2025-10-30 13:33:44 --> Session: Class initialized using 'CodeIgniter\Session\Handlers\FileHandler' driver.
DEBUG - 2025-10-30 13:33:45 --> Session: Class initialized using 'CodeIgniter\Session\Handlers\FileHandler' driver.
CRITICAL - 2025-10-30 13:33:45 --> CodeIgniter\View\Exceptions\ViewException: Invalid file: "employee/leaves/index.php"
[Method: GET, Route: employee/leaves]
in SYSTEMPATH\Exceptions\FrameworkException.php on line 39.
 1 SYSTEMPATH\View\View.php(214): CodeIgniter\Exceptions\FrameworkException::forInvalidFile('employee/leaves/index.php')
 2 SYSTEMPATH\Common.php(1167): CodeIgniter\View\View->render('employee/leaves/index', [], true)
 3 APPPATH\Controllers\employee.php(20): view('employee/leaves/index', [...])
 4 SYSTEMPATH\CodeIgniter.php(933): App\Controllers\Employee->leavesIndex()
 5 SYSTEMPATH\CodeIgniter.php(507): CodeIgniter\CodeIgniter->runController(Object(App\Controllers\Employee))
 6 SYSTEMPATH\CodeIgniter.php(354): CodeIgniter\CodeIgniter->handleRequest(null, Object(Config\Cache), false)
 7 SYSTEMPATH\Boot.php(363): CodeIgniter\CodeIgniter->run()
 8 SYSTEMPATH\Boot.php(68): CodeIgniter\Boot::runCodeIgniter(Object(CodeIgniter\CodeIgniter))
 9 FCPATH\index.php(59): CodeIgniter\Boot::bootWeb(Object(Config\Paths))
10 SYSTEMPATH\rewrite.php(44): require_once('C:\\xampp\\htdocs\\testing\\public\\index.php')
DEBUG - 2025-10-30 13:33:47 --> Session: Class initialized using 'CodeIgniter\Session\Handlers\FileHandler' driver.
DEBUG - 2025-10-30 13:33:48 --> Session: Class initialized using 'CodeIgniter\Session\Handlers\FileHandler' driver.
CRITICAL - 2025-10-30 13:33:48 --> CodeIgniter\View\Exceptions\ViewException: Invalid file: "employee/attendance/index.php"
[Method: GET, Route: employee/attendance]
in SYSTEMPATH\Exceptions\FrameworkException.php on line 39.
 1 SYSTEMPATH\View\View.php(214): CodeIgniter\Exceptions\FrameworkException::forInvalidFile('employee/attendance/index.php')
 2 SYSTEMPATH\Common.php(1167): CodeIgniter\View\View->render('employee/attendance/index', [], true)
 3 APPPATH\Controllers\employee.php(37): view('employee/attendance/index')
 4 SYSTEMPATH\CodeIgniter.php(933): App\Controllers\Employee->attendanceIndex()
 5 SYSTEMPATH\CodeIgniter.php(507): CodeIgniter\CodeIgniter->runController(Object(App\Controllers\Employee))
 6 SYSTEMPATH\CodeIgniter.php(354): CodeIgniter\CodeIgniter->handleRequest(null, Object(Config\Cache), false)
 7 SYSTEMPATH\Boot.php(363): CodeIgniter\CodeIgniter->run()
 8 SYSTEMPATH\Boot.php(68): CodeIgniter\Boot::runCodeIgniter(Object(CodeIgniter\CodeIgniter))
 9 FCPATH\index.php(59): CodeIgniter\Boot::bootWeb(Object(Config\Paths))
10 SYSTEMPATH\rewrite.php(44): require_once('C:\\xampp\\htdocs\\testing\\public\\index.php')
DEBUG - 2025-10-30 13:33:49 --> Session: Class initialized using 'CodeIgniter\Session\Handlers\FileHandler' driver.
DEBUG - 2025-10-30 13:34:02 --> Session: Class initialized using 'CodeIgniter\Session\Handlers\FileHandler' driver.
DEBUG - 2025-10-30 13:34:03 --> Session: Class initialized using 'CodeIgniter\Session\Handlers\FileHandler' driver.
CRITICAL - 2025-10-30 13:34:03 --> CodeIgniter\View\Exceptions\ViewException: Invalid file: "employee/attendance/index.php"
[Method: GET, Route: employee/attendance]
in SYSTEMPATH\Exceptions\FrameworkException.php on line 39.
 1 SYSTEMPATH\View\View.php(214): CodeIgniter\Exceptions\FrameworkException::forInvalidFile('employee/attendance/index.php')
 2 SYSTEMPATH\Common.php(1167): CodeIgniter\View\View->render('employee/attendance/index', [], true)
 3 APPPATH\Controllers\employee.php(37): view('employee/attendance/index')
 4 SYSTEMPATH\CodeIgniter.php(933): App\Controllers\Employee->attendanceIndex()
 5 SYSTEMPATH\CodeIgniter.php(507): CodeIgniter\CodeIgniter->runController(Object(App\Controllers\Employee))
 6 SYSTEMPATH\CodeIgniter.php(354): CodeIgniter\CodeIgniter->handleRequest(null, Object(Config\Cache), false)
 7 SYSTEMPATH\Boot.php(363): CodeIgniter\CodeIgniter->run()
 8 SYSTEMPATH\Boot.php(68): CodeIgniter\Boot::runCodeIgniter(Object(CodeIgniter\CodeIgniter))
 9 FCPATH\index.php(59): CodeIgniter\Boot::bootWeb(Object(Config\Paths))
10 SYSTEMPATH\rewrite.php(44): require_once('C:\\xampp\\htdocs\\testing\\public\\index.php')
DEBUG - 2025-10-30 13:35:00 --> Session: Class initialized using 'CodeIgniter\Session\Handlers\FileHandler' driver.
DEBUG - 2025-10-30 13:35:02 --> Session: Class initialized using 'CodeIgniter\Session\Handlers\FileHandler' driver.
CRITICAL - 2025-10-30 13:35:02 --> CodeIgniter\View\Exceptions\ViewException: Invalid file: "employee/leaves/index.php"
[Method: GET, Route: employee/leaves]
in SYSTEMPATH\Exceptions\FrameworkException.php on line 39.
 1 SYSTEMPATH\View\View.php(214): CodeIgniter\Exceptions\FrameworkException::forInvalidFile('employee/leaves/index.php')
 2 SYSTEMPATH\Common.php(1167): CodeIgniter\View\View->render('employee/leaves/index', [], true)
 3 APPPATH\Controllers\employee.php(20): view('employee/leaves/index', [...])
 4 SYSTEMPATH\CodeIgniter.php(933): App\Controllers\Employee->leavesIndex()
 5 SYSTEMPATH\CodeIgniter.php(507): CodeIgniter\CodeIgniter->runController(Object(App\Controllers\Employee))
 6 SYSTEMPATH\CodeIgniter.php(354): CodeIgniter\CodeIgniter->handleRequest(null, Object(Config\Cache), false)
 7 SYSTEMPATH\Boot.php(363): CodeIgniter\CodeIgniter->run()
 8 SYSTEMPATH\Boot.php(68): CodeIgniter\Boot::runCodeIgniter(Object(CodeIgniter\CodeIgniter))
 9 FCPATH\index.php(59): CodeIgniter\Boot::bootWeb(Object(Config\Paths))
10 SYSTEMPATH\rewrite.php(44): require_once('C:\\xampp\\htdocs\\testing\\public\\index.php')
DEBUG - 2025-10-30 13:35:08 --> Session: Class initialized using 'CodeIgniter\Session\Handlers\FileHandler' driver.
DEBUG - 2025-10-30 13:35:09 --> Session: Class initialized using 'CodeIgniter\Session\Handlers\FileHandler' driver.
CRITICAL - 2025-10-30 13:35:09 --> CodeIgniter\View\Exceptions\ViewException: Invalid file: "employee/exits/resign_form.php"
[Method: GET, Route: employee/exit/resign]
in SYSTEMPATH\Exceptions\FrameworkException.php on line 39.
 1 SYSTEMPATH\View\View.php(214): CodeIgniter\Exceptions\FrameworkException::forInvalidFile('employee/exits/resign_form.php')
 2 SYSTEMPATH\Common.php(1167): CodeIgniter\View\View->render('employee/exits/resign_form', [], true)
 3 APPPATH\Controllers\employee.php(55): view('employee/exits/resign_form')
 4 SYSTEMPATH\CodeIgniter.php(933): App\Controllers\Employee->exitResignForm()
 5 SYSTEMPATH\CodeIgniter.php(507): CodeIgniter\CodeIgniter->runController(Object(App\Controllers\Employee))
 6 SYSTEMPATH\CodeIgniter.php(354): CodeIgniter\CodeIgniter->handleRequest(null, Object(Config\Cache), false)
 7 SYSTEMPATH\Boot.php(363): CodeIgniter\CodeIgniter->run()
 8 SYSTEMPATH\Boot.php(68): CodeIgniter\Boot::runCodeIgniter(Object(CodeIgniter\CodeIgniter))
 9 FCPATH\index.php(59): CodeIgniter\Boot::bootWeb(Object(Config\Paths))
10 SYSTEMPATH\rewrite.php(44): require_once('C:\\xampp\\htdocs\\testing\\public\\index.php')
DEBUG - 2025-10-30 13:35:16 --> Session: Class initialized using 'CodeIgniter\Session\Handlers\FileHandler' driver.
DEBUG - 2025-10-30 13:35:17 --> Session: Class initialized using 'CodeIgniter\Session\Handlers\FileHandler' driver.
CRITICAL - 2025-10-30 13:35:17 --> CodeIgniter\View\Exceptions\ViewException: Invalid file: "employee/exits/pension_form.php"
[Method: GET, Route: employee/exit/pension]
in SYSTEMPATH\Exceptions\FrameworkException.php on line 39.
 1 SYSTEMPATH\View\View.php(214): CodeIgniter\Exceptions\FrameworkException::forInvalidFile('employee/exits/pension_form.php')
 2 SYSTEMPATH\Common.php(1167): CodeIgniter\View\View->render('employee/exits/pension_form', [], true)
 3 APPPATH\Controllers\employee.php(78): view('employee/exits/pension_form')
 4 SYSTEMPATH\CodeIgniter.php(933): App\Controllers\Employee->exitPensionForm()
 5 SYSTEMPATH\CodeIgniter.php(507): CodeIgniter\CodeIgniter->runController(Object(App\Controllers\Employee))
 6 SYSTEMPATH\CodeIgniter.php(354): CodeIgniter\CodeIgniter->handleRequest(null, Object(Config\Cache), false)
 7 SYSTEMPATH\Boot.php(363): CodeIgniter\CodeIgniter->run()
 8 SYSTEMPATH\Boot.php(68): CodeIgniter\Boot::runCodeIgniter(Object(CodeIgniter\CodeIgniter))
 9 FCPATH\index.php(59): CodeIgniter\Boot::bootWeb(Object(Config\Paths))
10 SYSTEMPATH\rewrite.php(44): require_once('C:\\xampp\\htdocs\\testing\\public\\index.php')
DEBUG - 2025-10-30 13:46:05 --> Session: Class initialized using 'CodeIgniter\Session\Handlers\FileHandler' driver.
DEBUG - 2025-10-30 13:46:09 --> Session: Class initialized using 'CodeIgniter\Session\Handlers\FileHandler' driver.
DEBUG - 2025-10-30 13:46:12 --> Session: Class initialized using 'CodeIgniter\Session\Handlers\FileHandler' driver.
DEBUG - 2025-10-30 13:46:12 --> Session: Class initialized using 'CodeIgniter\Session\Handlers\FileHandler' driver.
DEBUG - 2025-10-30 13:46:15 --> Session: Class initialized using 'CodeIgniter\Session\Handlers\FileHandler' driver.
DEBUG - 2025-10-30 13:46:17 --> Session: Class initialized using 'CodeIgniter\Session\Handlers\FileHandler' driver.
DEBUG - 2025-10-30 13:46:24 --> Session: Class initialized using 'CodeIgniter\Session\Handlers\FileHandler' driver.
DEBUG - 2025-10-30 13:46:30 --> Session: Class initialized using 'CodeIgniter\Session\Handlers\FileHandler' driver.
DEBUG - 2025-10-30 13:46:35 --> Session: Class initialized using 'CodeIgniter\Session\Handlers\FileHandler' driver.
DEBUG - 2025-10-30 13:46:36 --> Session: Class initialized using 'CodeIgniter\Session\Handlers\FileHandler' driver.
DEBUG - 2025-10-30 13:46:37 --> Session: Class initialized using 'CodeIgniter\Session\Handlers\FileHandler' driver.
DEBUG - 2025-10-30 13:46:42 --> Session: Class initialized using 'CodeIgniter\Session\Handlers\FileHandler' driver.
DEBUG - 2025-10-30 13:46:46 --> Session: Class initialized using 'CodeIgniter\Session\Handlers\FileHandler' driver.
DEBUG - 2025-10-30 13:46:47 --> Session: Class initialized using 'CodeIgniter\Session\Handlers\FileHandler' driver.
DEBUG - 2025-10-30 13:46:48 --> Session: Class initialized using 'CodeIgniter\Session\Handlers\FileHandler' driver.
DEBUG - 2025-10-30 13:46:51 --> Session: Class initialized using 'CodeIgniter\Session\Handlers\FileHandler' driver.
DEBUG - 2025-10-30 13:46:54 --> Session: Class initialized using 'CodeIgniter\Session\Handlers\FileHandler' driver.
DEBUG - 2025-10-30 13:46:55 --> Session: Class initialized using 'CodeIgniter\Session\Handlers\FileHandler' driver.
DEBUG - 2025-10-30 13:46:55 --> Session: Class initialized using 'CodeIgniter\Session\Handlers\FileHandler' driver.
DEBUG - 2025-10-30 13:46:57 --> Session: Class initialized using 'CodeIgniter\Session\Handlers\FileHandler' driver.
DEBUG - 2025-10-30 13:47:21 --> Session: Class initialized using 'CodeIgniter\Session\Handlers\FileHandler' driver.
DEBUG - 2025-10-30 13:47:21 --> Session: Class initialized using 'CodeIgniter\Session\Handlers\FileHandler' driver.
DEBUG - 2025-10-30 13:47:31 --> Session: Class initialized using 'CodeIgniter\Session\Handlers\FileHandler' driver.
DEBUG - 2025-10-30 13:47:32 --> Session: Class initialized using 'CodeIgniter\Session\Handlers\FileHandler' driver.
DEBUG - 2025-10-30 13:47:32 --> Session: Class initialized using 'CodeIgniter\Session\Handlers\FileHandler' driver.
DEBUG - 2025-10-30 13:47:42 --> Session: Class initialized using 'CodeIgniter\Session\Handlers\FileHandler' driver.
DEBUG - 2025-10-30 13:47:42 --> Session: Class initialized using 'CodeIgniter\Session\Handlers\FileHandler' driver.
DEBUG - 2025-10-30 13:47:42 --> Session: Class initialized using 'CodeIgniter\Session\Handlers\FileHandler' driver.
DEBUG - 2025-10-30 13:47:58 --> Session: Class initialized using 'CodeIgniter\Session\Handlers\FileHandler' driver.
DEBUG - 2025-10-30 13:47:58 --> Session: Class initialized using 'CodeIgniter\Session\Handlers\FileHandler' driver.
DEBUG - 2025-10-30 13:48:06 --> Session: Class initialized using 'CodeIgniter\Session\Handlers\FileHandler' driver.
DEBUG - 2025-10-30 13:48:22 --> Session: Class initialized using 'CodeIgniter\Session\Handlers\FileHandler' driver.
DEBUG - 2025-10-30 13:48:22 --> Session: Class initialized using 'CodeIgniter\Session\Handlers\FileHandler' driver.
DEBUG - 2025-10-30 13:48:31 --> Session: Class initialized using 'CodeIgniter\Session\Handlers\FileHandler' driver.
DEBUG - 2025-10-30 13:48:31 --> Session: Class initialized using 'CodeIgniter\Session\Handlers\FileHandler' driver.
DEBUG - 2025-10-30 13:48:40 --> Session: Class initialized using 'CodeIgniter\Session\Handlers\FileHandler' driver.
DEBUG - 2025-10-30 13:48:41 --> Session: Class initialized using 'CodeIgniter\Session\Handlers\FileHandler' driver.
DEBUG - 2025-10-30 13:48:41 --> Session: Class initialized using 'CodeIgniter\Session\Handlers\FileHandler' driver.
DEBUG - 2025-10-30 14:07:55 --> Session: Class initialized using 'CodeIgniter\Session\Handlers\FileHandler' driver.
DEBUG - 2025-10-30 14:08:05 --> Session: Class initialized using 'CodeIgniter\Session\Handlers\FileHandler' driver.
DEBUG - 2025-10-30 14:08:05 --> Session: Class initialized using 'CodeIgniter\Session\Handlers\FileHandler' driver.
DEBUG - 2025-10-30 14:08:05 --> Session: Class initialized using 'CodeIgniter\Session\Handlers\FileHandler' driver.
DEBUG - 2025-10-30 14:08:34 --> Session: Class initialized using 'CodeIgniter\Session\Handlers\FileHandler' driver.
DEBUG - 2025-10-30 14:08:37 --> Session: Class initialized using 'CodeIgniter\Session\Handlers\FileHandler' driver.
DEBUG - 2025-10-30 14:08:39 --> Session: Class initialized using 'CodeIgniter\Session\Handlers\FileHandler' driver.
DEBUG - 2025-10-30 14:08:41 --> Session: Class initialized using 'CodeIgniter\Session\Handlers\FileHandler' driver.
DEBUG - 2025-10-30 14:08:44 --> Session: Class initialized using 'CodeIgniter\Session\Handlers\FileHandler' driver.
DEBUG - 2025-10-30 14:09:05 --> Session: Class initialized using 'CodeIgniter\Session\Handlers\FileHandler' driver.
DEBUG - 2025-10-30 14:09:15 --> Session: Class initialized using 'CodeIgniter\Session\Handlers\FileHandler' driver.
DEBUG - 2025-10-30 14:09:15 --> Session: Class initialized using 'CodeIgniter\Session\Handlers\FileHandler' driver.
DEBUG - 2025-10-30 14:09:15 --> Session: Class initialized using 'CodeIgniter\Session\Handlers\FileHandler' driver.
DEBUG - 2025-10-30 14:25:59 --> Session: Class initialized using 'CodeIgniter\Session\Handlers\FileHandler' driver.
DEBUG - 2025-10-30 14:25:59 --> Session: Class initialized using 'CodeIgniter\Session\Handlers\FileHandler' driver.
DEBUG - 2025-10-30 14:25:59 --> Session: Class initialized using 'CodeIgniter\Session\Handlers\FileHandler' driver.
DEBUG - 2025-10-30 15:17:05 --> Session: Class initialized using 'CodeIgniter\Session\Handlers\FileHandler' driver.
DEBUG - 2025-10-30 15:17:05 --> Session: Class initialized using 'CodeIgniter\Session\Handlers\FileHandler' driver.
DEBUG - 2025-10-30 15:17:17 --> Session: Class initialized using 'CodeIgniter\Session\Handlers\FileHandler' driver.
DEBUG - 2025-10-30 15:17:17 --> Session: Class initialized using 'CodeIgniter\Session\Handlers\FileHandler' driver.
DEBUG - 2025-10-30 15:17:29 --> Session: Class initialized using 'CodeIgniter\Session\Handlers\FileHandler' driver.
DEBUG - 2025-10-30 15:17:30 --> Session: Class initialized using 'CodeIgniter\Session\Handlers\FileHandler' driver.
DEBUG - 2025-10-30 15:17:33 --> Session: Class initialized using 'CodeIgniter\Session\Handlers\FileHandler' driver.
DEBUG - 2025-10-30 15:17:35 --> Session: Class initialized using 'CodeIgniter\Session\Handlers\FileHandler' driver.
DEBUG - 2025-10-30 15:17:35 --> Session: Class initialized using 'CodeIgniter\Session\Handlers\FileHandler' driver.
DEBUG - 2025-10-30 15:17:48 --> Session: Class initialized using 'CodeIgniter\Session\Handlers\FileHandler' driver.
DEBUG - 2025-10-30 15:17:48 --> Session: Class initialized using 'CodeIgniter\Session\Handlers\FileHandler' driver.
DEBUG - 2025-10-30 15:17:50 --> Session: Class initialized using 'CodeIgniter\Session\Handlers\FileHandler' driver.
DEBUG - 2025-10-30 15:18:00 --> Session: Class initialized using 'CodeIgniter\Session\Handlers\FileHandler' driver.
DEBUG - 2025-10-30 15:18:00 --> Session: Class initialized using 'CodeIgniter\Session\Handlers\FileHandler' driver.
DEBUG - 2025-10-30 15:18:03 --> Session: Class initialized using 'CodeIgniter\Session\Handlers\FileHandler' driver.
DEBUG - 2025-10-30 15:18:03 --> Session: Class initialized using 'CodeIgniter\Session\Handlers\FileHandler' driver.
